[ERROR] 2019-07-08 14:31:23.361 [main] Mail - null
[ERROR] 2019-07-08 14:31:23.503 [main] StudentController - For input string: "not a number"
[ERROR] 2019-07-08 14:31:23.957 [main] UserServiceImpl - password too short
[ERROR] 2019-07-08 14:31:24.029 [main] UserServiceImpl - invalid email
[ERROR] 2019-07-08 14:31:24.029 [main] UserServiceImpl - @gmail.com
[ERROR] 2019-07-08 14:31:24.069 [main] UserServiceImpl - username null
[ERROR] 2019-07-08 14:31:24.803 [main] AdminController - field null
[ERROR] 2019-07-08 14:31:25.376 [main] UserServiceImpl - password too short
[ERROR] 2019-07-08 14:31:25.933 [main] AdminController - negative paid
[ERROR] 2019-07-08 14:31:26.087 [main] AdminController - user null
[ERROR] 2019-07-08 14:31:26.359 [main] CourseServiceImpl - date null
[ERROR] 2019-07-08 14:31:26.769 [main] UserDAOImpl - username is exits
[ERROR] 2019-07-08 14:33:50.229 [main] StudentController - For input string: "not a number"
[ERROR] 2019-07-08 14:33:50.631 [main] UserServiceImpl - password too short
[ERROR] 2019-07-08 14:33:50.654 [main] UserServiceImpl - invalid email
[ERROR] 2019-07-08 14:33:50.654 [main] UserServiceImpl - @gmail.com
[ERROR] 2019-07-08 14:33:50.680 [main] UserServiceImpl - username null
[ERROR] 2019-07-08 14:33:50.988 [main] AdminController - field null
[ERROR] 2019-07-08 14:33:51.199 [main] UserServiceImpl - password too short
[ERROR] 2019-07-08 14:33:51.431 [main] AdminController - negative paid
[ERROR] 2019-07-08 14:33:51.568 [main] AdminController - user null
[ERROR] 2019-07-08 14:33:51.733 [main] CourseServiceImpl - date null
[ERROR] 2019-07-08 14:33:52.147 [main] UserDAOImpl - username is exits
[ERROR] 2019-07-08 14:36:13.728 [main] StudentController - For input string: "not a number"
[ERROR] 2019-07-08 14:36:14.185 [main] UserServiceImpl - password too short
[ERROR] 2019-07-08 14:36:14.211 [main] UserServiceImpl - invalid email
[ERROR] 2019-07-08 14:36:14.211 [main] UserServiceImpl - @gmail.com
[ERROR] 2019-07-08 14:36:14.240 [main] UserServiceImpl - username null
[ERROR] 2019-07-08 14:36:14.569 [main] AdminController - field null
[ERROR] 2019-07-08 14:36:14.751 [main] UserServiceImpl - password too short
[ERROR] 2019-07-08 14:36:14.950 [main] AdminController - negative paid
[ERROR] 2019-07-08 14:36:15.060 [main] AdminController - user null
[ERROR] 2019-07-08 14:36:15.243 [main] CourseServiceImpl - date null
[ERROR] 2019-07-08 14:36:15.635 [main] UserDAOImpl - username is exits
[ERROR] 2019-07-08 14:40:06.613 [main] StudentController - For input string: "not a number"
[ERROR] 2019-07-08 14:40:06.737 [main] Mail - null
[ERROR] 2019-07-08 14:40:18.145 [main] UserServiceImpl - password too short
[ERROR] 2019-07-08 14:40:18.177 [main] UserServiceImpl - invalid email
[ERROR] 2019-07-08 14:40:18.177 [main] UserServiceImpl - @gmail.com
[ERROR] 2019-07-08 14:40:18.208 [main] UserServiceImpl - username null
[ERROR] 2019-07-08 14:40:18.464 [main] AdminController - field null
[ERROR] 2019-07-08 14:40:18.643 [main] UserServiceImpl - password too short
[ERROR] 2019-07-08 14:40:18.819 [main] AdminController - negative paid
[ERROR] 2019-07-08 14:40:18.934 [main] AdminController - user null
[ERROR] 2019-07-08 14:40:19.094 [main] CourseServiceImpl - date null
[ERROR] 2019-07-08 14:46:19.864 [main] Mail - null
[ERROR] 2019-07-08 14:51:35.822 [main] AdminController - field null
[ERROR] 2019-07-08 14:51:36.119 [main] UserServiceImpl - password too short
[ERROR] 2019-07-08 14:51:36.415 [main] AdminController - negative paid
[ERROR] 2019-07-08 14:51:36.673 [main] AdminController - user null
[ERROR] 2019-07-08 14:51:37.030 [main] CourseServiceImpl - date null
[ERROR] 2019-07-08 14:51:47.033 [main] StudentController - For input string: "not a number"
[ERROR] 2019-07-08 14:51:47.213 [main] Mail - null
[ERROR] 2019-07-08 14:51:54.924 [main] Mail - null
[ERROR] 2019-07-08 14:51:55.496 [main] UserServiceImpl - password too short
[ERROR] 2019-07-08 14:51:55.562 [main] UserServiceImpl - invalid email
[ERROR] 2019-07-08 14:51:55.563 [main] UserServiceImpl - @gmail.com
[ERROR] 2019-07-08 14:51:55.611 [main] UserServiceImpl - username null
[ERROR] 2019-07-08 14:54:34.954 [main] UserDAOImpl - username is exits
