[ERROR] 2019-07-06 09:59:36.785 [main] StudentController - For input string: "hg"
[ERROR] 2019-07-06 10:00:29.894 [main] StudentController - For input string: "hg"
[ERROR] 2019-07-06 10:01:31.147 [main] StudentController - For input string: "hg"
[ERROR] 2019-07-06 10:01:31.430 [main] UserServiceImpl - password too short
[ERROR] 2019-07-06 10:01:31.460 [main] UserServiceImpl - invalid email
[ERROR] 2019-07-06 10:01:31.460 [main] UserServiceImpl - @gmail.com
[ERROR] 2019-07-06 10:01:31.485 [main] UserServiceImpl - username null
[ERROR] 2019-07-06 10:01:31.901 [main] AdminController - field null
[ERROR] 2019-07-06 10:01:32.119 [main] UserServiceImpl - password too short
[ERROR] 2019-07-06 10:01:32.387 [main] AdminController - negative paid
[ERROR] 2019-07-06 10:01:32.519 [main] AdminController - user null
[ERROR] 2019-07-06 10:01:32.709 [main] CourseServiceImpl - date null
[ERROR] 2019-07-06 15:10:43.631 [main] StudentController - For input string: "hg"
[ERROR] 2019-07-06 15:10:43.885 [main] UserServiceImpl - password too short
[ERROR] 2019-07-06 15:10:43.911 [main] UserServiceImpl - invalid email
[ERROR] 2019-07-06 15:10:43.911 [main] UserServiceImpl - @gmail.com
[ERROR] 2019-07-06 15:10:43.942 [main] UserServiceImpl - username null
[ERROR] 2019-07-06 15:10:44.241 [main] AdminController - field null
[ERROR] 2019-07-06 15:10:44.451 [main] UserServiceImpl - password too short
[ERROR] 2019-07-06 15:10:44.718 [main] AdminController - negative paid
[ERROR] 2019-07-06 15:10:44.824 [main] AdminController - user null
[ERROR] 2019-07-06 15:10:45.013 [main] CourseServiceImpl - date null
[ERROR] 2019-07-06 15:12:16.643 [main] StudentController - For input string: "not a number"
[ERROR] 2019-07-06 15:12:17.086 [main] UserServiceImpl - password too short
[ERROR] 2019-07-06 15:12:17.111 [main] UserServiceImpl - invalid email
[ERROR] 2019-07-06 15:12:17.111 [main] UserServiceImpl - @gmail.com
[ERROR] 2019-07-06 15:12:17.146 [main] UserServiceImpl - username null
[ERROR] 2019-07-06 15:12:17.502 [main] AdminController - field null
[ERROR] 2019-07-06 15:12:17.721 [main] UserServiceImpl - password too short
[ERROR] 2019-07-06 15:12:17.956 [main] AdminController - negative paid
[ERROR] 2019-07-06 15:12:18.072 [main] AdminController - user null
[ERROR] 2019-07-06 15:12:18.249 [main] CourseServiceImpl - date null
[ERROR] 2019-07-06 15:12:42.146 [main] StudentController - For input string: "not a number"
[ERROR] 2019-07-06 15:12:42.554 [main] UserServiceImpl - password too short
[ERROR] 2019-07-06 15:12:42.577 [main] UserServiceImpl - invalid email
[ERROR] 2019-07-06 15:12:42.578 [main] UserServiceImpl - @gmail.com
[ERROR] 2019-07-06 15:12:42.601 [main] UserServiceImpl - username null
[ERROR] 2019-07-06 15:12:42.975 [main] AdminController - field null
[ERROR] 2019-07-06 15:12:43.234 [main] UserServiceImpl - password too short
[ERROR] 2019-07-06 15:12:43.492 [main] AdminController - negative paid
[ERROR] 2019-07-06 15:12:43.645 [main] AdminController - user null
[ERROR] 2019-07-06 15:12:43.822 [main] CourseServiceImpl - date null
[ERROR] 2019-07-06 15:13:35.228 [main] StudentController - For input string: "not a number"
[ERROR] 2019-07-06 15:13:35.729 [main] UserServiceImpl - password too short
[ERROR] 2019-07-06 15:13:35.755 [main] UserServiceImpl - invalid email
[ERROR] 2019-07-06 15:13:35.755 [main] UserServiceImpl - @gmail.com
[ERROR] 2019-07-06 15:13:35.780 [main] UserServiceImpl - username null
[ERROR] 2019-07-06 15:13:36.137 [main] AdminController - field null
[ERROR] 2019-07-06 15:13:36.329 [main] UserServiceImpl - password too short
[ERROR] 2019-07-06 15:13:36.631 [main] AdminController - negative paid
[ERROR] 2019-07-06 15:13:36.820 [main] AdminController - user null
[ERROR] 2019-07-06 15:13:37.014 [main] CourseServiceImpl - date null
[ERROR] 2019-07-06 15:14:33.729 [main] StudentController - For input string: "not a number"
[ERROR] 2019-07-06 15:14:34.176 [main] UserServiceImpl - password too short
[ERROR] 2019-07-06 15:14:34.200 [main] UserServiceImpl - invalid email
[ERROR] 2019-07-06 15:14:34.200 [main] UserServiceImpl - @gmail.com
[ERROR] 2019-07-06 15:14:34.225 [main] UserServiceImpl - username null
[ERROR] 2019-07-06 15:14:34.509 [main] AdminController - field null
[ERROR] 2019-07-06 15:14:34.705 [main] UserServiceImpl - password too short
[ERROR] 2019-07-06 15:14:34.919 [main] AdminController - negative paid
[ERROR] 2019-07-06 15:14:35.030 [main] AdminController - user null
[ERROR] 2019-07-06 15:14:35.266 [main] CourseServiceImpl - date null
[ERROR] 2019-07-06 15:15:19.319 [main] StudentController - For input string: "not a number"
[ERROR] 2019-07-06 15:15:19.719 [main] UserServiceImpl - password too short
[ERROR] 2019-07-06 15:15:19.744 [main] UserServiceImpl - invalid email
[ERROR] 2019-07-06 15:15:19.744 [main] UserServiceImpl - @gmail.com
[ERROR] 2019-07-06 15:15:19.772 [main] UserServiceImpl - username null
[ERROR] 2019-07-06 15:15:20.089 [main] AdminController - field null
[ERROR] 2019-07-06 15:15:20.299 [main] UserServiceImpl - password too short
[ERROR] 2019-07-06 15:15:20.533 [main] AdminController - negative paid
[ERROR] 2019-07-06 15:15:20.653 [main] AdminController - user null
[ERROR] 2019-07-06 15:15:20.839 [main] CourseServiceImpl - date null
[ERROR] 2019-07-06 15:16:13.122 [main] StudentController - For input string: "not a number"
[ERROR] 2019-07-06 15:16:13.533 [main] UserServiceImpl - password too short
[ERROR] 2019-07-06 15:16:13.557 [main] UserServiceImpl - invalid email
[ERROR] 2019-07-06 15:16:13.557 [main] UserServiceImpl - @gmail.com
[ERROR] 2019-07-06 15:16:13.582 [main] UserServiceImpl - username null
[ERROR] 2019-07-06 15:16:13.957 [main] AdminController - field null
[ERROR] 2019-07-06 15:16:14.311 [main] UserServiceImpl - password too short
[ERROR] 2019-07-06 15:16:14.635 [main] AdminController - negative paid
[ERROR] 2019-07-06 15:16:14.771 [main] AdminController - user null
[ERROR] 2019-07-06 15:16:14.974 [main] CourseServiceImpl - date null
[ERROR] 2019-07-06 21:50:50.639 [main] StudentController - For input string: "not a number"
[ERROR] 2019-07-06 21:50:51.041 [main] UserServiceImpl - password too short
[ERROR] 2019-07-06 21:50:51.065 [main] UserServiceImpl - invalid email
[ERROR] 2019-07-06 21:50:51.065 [main] UserServiceImpl - @gmail.com
[ERROR] 2019-07-06 21:50:51.092 [main] UserServiceImpl - username null
[ERROR] 2019-07-06 21:50:51.446 [main] AdminController - field null
[ERROR] 2019-07-06 21:50:51.706 [main] UserServiceImpl - password too short
[ERROR] 2019-07-06 21:50:52.145 [main] AdminController - negative paid
[ERROR] 2019-07-06 21:50:52.331 [main] AdminController - user null
[ERROR] 2019-07-06 21:50:52.508 [main] CourseServiceImpl - date null
[ERROR] 2019-07-06 21:50:52.825 [main] CourseServiceImpl - invalid name
[ERROR] 2019-07-06 21:56:25.606 [main] StudentController - For input string: "not a number"
[ERROR] 2019-07-06 21:56:26.099 [main] UserServiceImpl - password too short
[ERROR] 2019-07-06 21:56:26.124 [main] UserServiceImpl - invalid email
[ERROR] 2019-07-06 21:56:26.124 [main] UserServiceImpl - @gmail.com
[ERROR] 2019-07-06 21:56:26.148 [main] UserServiceImpl - username null
[ERROR] 2019-07-06 21:56:26.473 [main] AdminController - field null
[ERROR] 2019-07-06 21:56:26.702 [main] UserServiceImpl - password too short
[ERROR] 2019-07-06 21:56:26.932 [main] AdminController - negative paid
[ERROR] 2019-07-06 21:56:27.079 [main] AdminController - user null
[ERROR] 2019-07-06 21:56:27.272 [main] CourseServiceImpl - date null
[ERROR] 2019-07-06 22:06:51.129 [main] StudentController - For input string: "not a number"
[ERROR] 2019-07-06 22:06:51.548 [main] UserServiceImpl - password too short
[ERROR] 2019-07-06 22:06:51.574 [main] UserServiceImpl - invalid email
[ERROR] 2019-07-06 22:06:51.574 [main] UserServiceImpl - @gmail.com
[ERROR] 2019-07-06 22:06:51.605 [main] UserServiceImpl - username null
[ERROR] 2019-07-06 22:06:51.940 [main] AdminController - field null
[ERROR] 2019-07-06 22:06:52.176 [main] UserServiceImpl - password too short
[ERROR] 2019-07-06 22:06:52.465 [main] AdminController - negative paid
[ERROR] 2019-07-06 22:06:52.597 [main] AdminController - user null
[ERROR] 2019-07-06 22:06:52.831 [main] CourseServiceImpl - date null
[ERROR] 2019-07-06 22:09:08.858 [main] StudentController - For input string: "not a number"
[ERROR] 2019-07-06 22:09:09.248 [main] UserServiceImpl - password too short
[ERROR] 2019-07-06 22:09:09.280 [main] UserServiceImpl - invalid email
[ERROR] 2019-07-06 22:09:09.281 [main] UserServiceImpl - @gmail.com
[ERROR] 2019-07-06 22:09:09.310 [main] UserServiceImpl - username null
[ERROR] 2019-07-06 22:09:09.812 [main] AdminController - field null
[ERROR] 2019-07-06 22:09:10.194 [main] UserServiceImpl - password too short
[ERROR] 2019-07-06 22:09:10.538 [main] AdminController - negative paid
[ERROR] 2019-07-06 22:09:10.790 [main] AdminController - user null
[ERROR] 2019-07-06 22:09:11.058 [main] CourseServiceImpl - date null
[ERROR] 2019-07-06 22:10:36.948 [main] StudentController - For input string: "not a number"
[ERROR] 2019-07-06 22:10:37.304 [main] UserServiceImpl - password too short
[ERROR] 2019-07-06 22:10:37.330 [main] UserServiceImpl - invalid email
[ERROR] 2019-07-06 22:10:37.330 [main] UserServiceImpl - @gmail.com
[ERROR] 2019-07-06 22:10:37.358 [main] UserServiceImpl - username null
[ERROR] 2019-07-06 22:10:37.649 [main] AdminController - field null
[ERROR] 2019-07-06 22:10:37.829 [main] UserServiceImpl - password too short
[ERROR] 2019-07-06 22:10:38.057 [main] AdminController - negative paid
[ERROR] 2019-07-06 22:10:38.174 [main] AdminController - user null
[ERROR] 2019-07-06 22:10:38.332 [main] CourseServiceImpl - date null
[ERROR] 2019-07-06 23:35:28.860 [main] StudentController - For input string: "not a number"
[ERROR] 2019-07-06 23:35:29.299 [main] UserServiceImpl - password too short
[ERROR] 2019-07-06 23:35:29.327 [main] UserServiceImpl - invalid email
[ERROR] 2019-07-06 23:35:29.327 [main] UserServiceImpl - @gmail.com
[ERROR] 2019-07-06 23:35:29.351 [main] UserServiceImpl - username null
[ERROR] 2019-07-06 23:35:29.637 [main] AdminController - field null
[ERROR] 2019-07-06 23:35:29.821 [main] UserServiceImpl - password too short
[ERROR] 2019-07-06 23:35:30.050 [main] AdminController - negative paid
[ERROR] 2019-07-06 23:35:30.154 [main] AdminController - user null
[ERROR] 2019-07-06 23:35:30.315 [main] CourseServiceImpl - date null
[ERROR] 2019-07-06 23:50:22.544 [main] StudentController - For input string: "not a number"
[ERROR] 2019-07-06 23:50:23.011 [main] UserServiceImpl - password too short
[ERROR] 2019-07-06 23:50:23.038 [main] UserServiceImpl - invalid email
[ERROR] 2019-07-06 23:50:23.038 [main] UserServiceImpl - @gmail.com
[ERROR] 2019-07-06 23:50:23.061 [main] UserServiceImpl - username null
[ERROR] 2019-07-06 23:50:23.412 [main] AdminController - field null
[ERROR] 2019-07-06 23:50:23.596 [main] UserServiceImpl - password too short
[ERROR] 2019-07-06 23:50:23.817 [main] AdminController - negative paid
[ERROR] 2019-07-06 23:50:23.934 [main] AdminController - user null
[ERROR] 2019-07-06 23:50:24.096 [main] CourseServiceImpl - date null
[ERROR] 2019-07-06 23:50:24.512 [main] UserDAOImpl - username is exits
[ERROR] 2019-07-06 23:51:31.683 [main] StudentController - For input string: "not a number"
[ERROR] 2019-07-06 23:51:32.072 [main] UserServiceImpl - password too short
[ERROR] 2019-07-06 23:51:32.097 [main] UserServiceImpl - invalid email
[ERROR] 2019-07-06 23:51:32.097 [main] UserServiceImpl - @gmail.com
[ERROR] 2019-07-06 23:51:32.123 [main] UserServiceImpl - username null
[ERROR] 2019-07-06 23:51:32.432 [main] AdminController - field null
[ERROR] 2019-07-06 23:51:32.646 [main] UserServiceImpl - password too short
[ERROR] 2019-07-06 23:51:32.860 [main] AdminController - negative paid
[ERROR] 2019-07-06 23:51:32.972 [main] AdminController - user null
[ERROR] 2019-07-06 23:51:33.161 [main] CourseServiceImpl - date null
[ERROR] 2019-07-06 23:52:57.808 [main] StudentController - For input string: "not a number"
[ERROR] 2019-07-06 23:52:58.260 [main] UserServiceImpl - password too short
[ERROR] 2019-07-06 23:52:58.291 [main] UserServiceImpl - invalid email
[ERROR] 2019-07-06 23:52:58.292 [main] UserServiceImpl - @gmail.com
[ERROR] 2019-07-06 23:52:58.319 [main] UserServiceImpl - username null
[ERROR] 2019-07-06 23:52:58.628 [main] AdminController - field null
[ERROR] 2019-07-06 23:52:58.806 [main] UserServiceImpl - password too short
[ERROR] 2019-07-06 23:52:59.141 [main] AdminController - negative paid
[ERROR] 2019-07-06 23:52:59.336 [main] AdminController - user null
[ERROR] 2019-07-06 23:52:59.595 [main] CourseServiceImpl - date null
[ERROR] 2019-07-06 23:53:00.028 [main] UserDAOImpl - username is exits
[ERROR] 2019-07-06 23:54:14.170 [main] StudentController - For input string: "not a number"
[ERROR] 2019-07-06 23:54:14.561 [main] UserServiceImpl - password too short
[ERROR] 2019-07-06 23:54:14.587 [main] UserServiceImpl - invalid email
[ERROR] 2019-07-06 23:54:14.587 [main] UserServiceImpl - @gmail.com
[ERROR] 2019-07-06 23:54:14.614 [main] UserServiceImpl - username null
[ERROR] 2019-07-06 23:54:14.909 [main] AdminController - field null
[ERROR] 2019-07-06 23:54:15.109 [main] UserServiceImpl - password too short
[ERROR] 2019-07-06 23:54:15.349 [main] AdminController - negative paid
[ERROR] 2019-07-06 23:54:15.479 [main] AdminController - user null
[ERROR] 2019-07-06 23:54:15.658 [main] CourseServiceImpl - date null
[ERROR] 2019-07-06 23:54:16.060 [main] UserDAOImpl - username is exits
[ERROR] 2019-07-06 23:56:11.650 [main] StudentController - For input string: "not a number"
[ERROR] 2019-07-06 23:56:12.013 [main] UserServiceImpl - password too short
[ERROR] 2019-07-06 23:56:12.043 [main] UserServiceImpl - invalid email
[ERROR] 2019-07-06 23:56:12.043 [main] UserServiceImpl - @gmail.com
[ERROR] 2019-07-06 23:56:12.066 [main] UserServiceImpl - username null
[ERROR] 2019-07-06 23:56:12.353 [main] AdminController - field null
[ERROR] 2019-07-06 23:56:12.542 [main] UserServiceImpl - password too short
[ERROR] 2019-07-06 23:56:12.896 [main] AdminController - negative paid
[ERROR] 2019-07-06 23:56:13.056 [main] AdminController - user null
[ERROR] 2019-07-06 23:56:13.241 [main] CourseServiceImpl - date null
[ERROR] 2019-07-06 23:56:13.610 [main] UserDAOImpl - username is exits
